[debug] > Exec(early(addDefaultCommands), None, None)
[debug] > Exec(addDefaultCommands, None, None)
[debug] > Exec(early(initialize), None, None)
[debug] > Exec(initialize, None, None)
[debug] > Exec(early(addPluginSbtFile="""C:\Users\bowie\AppData\Local\Temp\idea.sbt"""), None, None)
[debug] > Exec(addPluginSbtFile="""C:\Users\bowie\AppData\Local\Temp\idea.sbt""", None, None)
[debug] > Exec(boot, None, None)
[debug] > Exec(writeSbtVersion, None, None)
[debug] > Exec(reload, None, None)
[debug] > Exec(sbtStashOnFailure, None, None)
[debug] > Exec(onFailure loadFailed, None, None)
[debug] > Exec(loadp, None, None)
[info] welcome to sbt 1.10.1 (Oracle Corporation Java 1.8.0_401)
[debug] Load.defaultLoad until apply took 43.8772ms
[debug]           Load.loadUnit: plugins took 39.0162ms
[debug]           Load.loadUnit: defsScala took 0.1314ms
[debug] [Loading] Scanning directory C:\Users\bowie\IdeaProjects\ninjagame1\project
[debug]             Load.loadUnit: mkEval took 4.3626ms
[debug] [Loading] Found non-root projects 
[debug] [Loading] Done in C:\Users\bowie\IdeaProjects\ninjagame1\project, returning: ()
[debug] deducing auto plugins based on known facts Set(Atom(sbt.plugins.CorePlugin)) and clauses Clauses(Clause(Atom(sbt.plugins.JvmPlugin),Set(Atom(sbt.plugins.IvyPlugin)))
[debug] Clause(Atom(sbt.ScriptedPlugin),Set(Atom(sbt.plugins.JvmPlugin)))
[debug] Clause(Atom(sbt.plugins.SbtPlugin),Set(Atom(sbt.ScriptedPlugin)))
[debug] Clause(Atom(sbt.plugins.SemanticdbPlugin),Set(Atom(sbt.plugins.JvmPlugin)))
[debug] Clause(Atom(sbt.plugins.JUnitXmlReportPlugin),Set(Atom(sbt.plugins.JvmPlugin)))
[debug] Clause(Atom(sbt.plugins.MiniDependencyTreePlugin),Set(Atom(sbt.plugins.JvmPlugin)))
[debug] Clause(Atom(sbt.plugins.CorePlugin),Set(Atom(sbt.plugins.IvyPlugin)))
[debug] Clause(Atom(sbt.plugins.IvyPlugin),Set(Atom(sbt.plugins.JvmPlugin)))
[debug] Clause(Atom(sbt.plugins.JvmPlugin),Set(Atom(sbt.plugins.SemanticdbPlugin)))
[debug] Clause(Atom(sbt.plugins.JvmPlugin),Set(Atom(sbt.plugins.JUnitXmlReportPlugin)))
[debug] Clause(Atom(sbt.plugins.CorePlugin),Set(Atom(sbt.plugins.Giter8TemplatePlugin)))
[debug] Clause(Atom(sbt.plugins.JvmPlugin),Set(Atom(sbt.plugins.MiniDependencyTreePlugin))))
[debug]   :: deduced result: Matched(sbt.plugins.CorePlugin,sbt.plugins.Giter8TemplatePlugin,sbt.plugins.IvyPlugin,sbt.plugins.JvmPlugin,sbt.plugins.MiniDependencyTreePlugin,sbt.plugins.JUnitXmlReportPlugin,sbt.plugins.SemanticdbPlugin)
[debug] Plugins.deducer#function took 7.3363 ms
[info] loading settings for project ninjagame1-build from idea.sbt ...
[debug]               Load.resolveProject(ninjagame1-build) took 23.9682ms
[debug]             Load.loadTransitive: finalizeProject(Project(id ninjagame1-build, base: C:\Users\bowie\IdeaProjects\ninjagame1\project, plugins: List(<none>))) took 35.1793ms
[debug] [Loading] Done in C:\Users\bowie\IdeaProjects\ninjagame1\project, returning: (ninjagame1-build)
[debug]           Load.loadUnit: loadedProjectsRaw took 1332.9447ms
[debug]           Load.loadUnit: cleanEvalClasses took 3.2415ms
[debug]         Load.loadUnit(file:/C:/Users/bowie/IdeaProjects/ninjagame1/project/, ...) took 1377.7648ms
[debug]       Load.apply: load took 1429.7528ms
[debug]       Load.apply: resolveProjects took 2.5062ms
[debug]       Load.apply: finalTransforms took 25.4986ms
[debug]       Load.apply: config.delegates took 2.8143ms
[debug]       Load.apply: Def.make(settings)... took 140.2187ms
[debug]       Load.apply: structureIndex took 37.9032ms
[debug]       Load.apply: mkStreams took 0.8485ms
[info] loading project definition from C:\Users\bowie\IdeaProjects\ninjagame1\project
[debug] Running task... Cancel: Signal, check cycles: false, forcegc: true
[debug]     Load.loadUnit: plugins took 2480.965ms
[debug]     Load.loadUnit: defsScala took 0.0019ms
[debug] [Loading] Scanning directory C:\Users\bowie\IdeaProjects\ninjagame1
[debug]       Load.loadUnit: mkEval took 0.1473ms
[debug] [Loading] Found root project root w/ remaining 
[debug] deducing auto plugins based on known facts Set(Atom(sbt.plugins.CorePlugin)) and clauses Clauses(Clause(Atom(sbt.plugins.JvmPlugin),Set(Atom(sbt.plugins.IvyPlugin)))
[debug] Clause(Atom(sbt.ScriptedPlugin),Set(Atom(sbt.plugins.JvmPlugin)))
[debug] Clause(Atom(sbt.plugins.SbtPlugin),Set(Atom(sbt.ScriptedPlugin)))
[debug] Clause(Atom(sbt.plugins.SemanticdbPlugin),Set(Atom(sbt.plugins.JvmPlugin)))
[debug] Clause(Atom(sbt.plugins.JUnitXmlReportPlugin),Set(Atom(sbt.plugins.JvmPlugin)))
[debug] Clause(Atom(sbt.plugins.MiniDependencyTreePlugin),Set(Atom(sbt.plugins.JvmPlugin)))
[debug] Clause(Atom(org.jetbrains.sbt.StructurePlugin),Set(Atom(sbt.plugins.JvmPlugin)))
[debug] Clause(Atom(org.jetbrains.sbt.IdeaShellPlugin),Set(Atom(sbt.plugins.JvmPlugin)))
[debug] Clause(Atom(org.jetbrains.sbt.indices.SbtIntellijIndicesPlugin),Set(Atom(sbt.plugins.JvmPlugin)))
[debug] Clause(Atom(sbt.plugins.CorePlugin),Set(Atom(sbt.plugins.IvyPlugin)))
[debug] Clause(Atom(sbt.plugins.IvyPlugin),Set(Atom(sbt.plugins.JvmPlugin)))
[debug] Clause(Atom(sbt.plugins.JvmPlugin),Set(Atom(sbt.plugins.SemanticdbPlugin)))
[debug] Clause(Atom(sbt.plugins.JvmPlugin),Set(Atom(sbt.plugins.JUnitXmlReportPlugin)))
[debug] Clause(Atom(sbt.plugins.CorePlugin),Set(Atom(sbt.plugins.Giter8TemplatePlugin)))
[debug] Clause(Atom(sbt.plugins.JvmPlugin),Set(Atom(sbt.plugins.MiniDependencyTreePlugin)))
[debug] Clause(Atom(sbt.plugins.JvmPlugin),Set(Atom(org.jetbrains.sbt.StructurePlugin)))
[debug] Clause(Atom(sbt.plugins.JvmPlugin),Set(Atom(org.jetbrains.sbt.IdeaShellPlugin)))
[debug] Clause(And(Set(Atom(sbt.plugins.CorePlugin), Atom(sbt.plugins.JvmPlugin))),Set(Atom(org.jetbrains.sbt.indices.SbtIntellijIndicesPlugin))))
[debug]   :: deduced result: Matched(sbt.plugins.CorePlugin,sbt.plugins.Giter8TemplatePlugin,sbt.plugins.IvyPlugin,sbt.plugins.JvmPlugin,sbt.plugins.SemanticdbPlugin,org.jetbrains.sbt.indices.SbtIntellijIndicesPlugin,sbt.plugins.JUnitXmlReportPlugin,org.jetbrains.sbt.IdeaShellPlugin,org.jetbrains.sbt.StructurePlugin,sbt.plugins.MiniDependencyTreePlugin)
[debug] Plugins.deducer#function took 1.4611 ms
[info] loading settings for project root from build.sbt ...
[debug]         Load.resolveProject(root) took 13.8857ms
[debug]       Load.loadTransitive: finalizeProject(Project(id root, base: C:\Users\bowie\IdeaProjects\ninjagame1, plugins: List(<none>))) took 16.1901ms
[debug] [Loading] Done in C:\Users\bowie\IdeaProjects\ninjagame1, returning: (root)
[debug]     Load.loadUnit: loadedProjectsRaw took 511.2349ms
[debug]     Load.loadUnit: cleanEvalClasses took 4.4274ms
[debug]   Load.loadUnit(file:/C:/Users/bowie/IdeaProjects/ninjagame1/, ...) took 2997.3117ms
[debug] Load.apply: load took 3006.5057ms
[debug] Load.apply: resolveProjects took 0.0768ms
[debug] Load.apply: finalTransforms took 14.6975ms
[debug] Load.apply: config.delegates took 0.1406ms
[debug] Load.apply: Def.make(settings)... took 27.3984ms
[debug] Load.apply: structureIndex took 9.2688ms
[debug] Load.apply: mkStreams took 0.0024ms
[info] set current project to finalprojecttest (in build file:/C:/Users/bowie/IdeaProjects/ninjagame1/)
[debug] > Exec(sbtPopOnFailure, None, None)
[debug] > Exec(resumeFromFailure, None, None)
[debug] > Exec(notifyUsersAboutShell, None, None)
[debug] > Exec(iflast shell, None, None)
[debug] > Exec(; set ideaPort in Global := 55130 ; idea-shell, None, None)
[debug] > Exec(set ideaPort in Global := 55130, None, None)
[info] Defining Global / ideaPort
[info] The new value will be used by Compile / compile, Test / compile
[debug] Defining 
[debug] 	Global / ideaPort
[debug] 
[debug] The new value will be used by 
[debug] 	Compile / compile
[debug] 	Test / compile
[info] Reapplying settings...
[info] set current project to finalprojecttest (in build file:/C:/Users/bowie/IdeaProjects/ninjagame1/)
[debug] > Exec(idea-shell, None, None)
